<?xml version="1.0" encoding="UTF-8"?>
<TestRun id="988b89d2-6563-48c2-9b05-5d5ed0325d17" name="chen@CHEN-PC 2012-04-18 21:15:41" runUser="chen-PC\chen" xmlns="http://microsoft.com/schemas/VisualStudio/TeamTest/2010">
  <TestSettings name="本地" id="b0d18b2b-9539-4bbf-8413-44b91da0c97c">
    <Description>这些设置为本地测试运行的默认测试设置。</Description>
    <Deployment enabled="false" runDeploymentRoot="chen_CHEN-PC 2012-04-18 21_15_41">
      <DeploymentItem filename="F:\C#编程\ConsoleApplication4\ConsoleApplication4\bin\Debug\ConsoleApplication4.exe" />
    </Deployment>
    <Execution>
      <TestTypeSpecific />
      <AgentRule name="Execution Agents">
      </AgentRule>
    </Execution>
  </TestSettings>
  <Times creation="2012-04-18T21:15:41.4865676+08:00" queuing="2012-04-18T21:15:43.2466682+08:00" start="2012-04-18T21:15:43.4246784+08:00" finish="2012-04-18T21:15:45.0217698+08:00" />
  <ResultSummary outcome="Failed">
    <Counters total="2" executed="2" error="0" failed="2" timeout="0" aborted="0" inconclusive="0" passedButRunAborted="0" notRunnable="0" notExecuted="0" disconnected="0" warning="0" passed="0" completed="0" inProgress="0" pending="0" />
  </ResultSummary>
  <TestDefinitions>
    <UnitTest name="FirstThrow" storage="f:\c#编程\consoleapplication4\bowlingballtest\bin\debug\bowlingballtest.dll" id="1e68ec30-eb15-39f9-dfa8-8c4d958858c8">
      <Execution id="824f5c0f-aa94-45eb-8155-881e83d666cf" />
      <TestMethod codeBase="F:/C#编程/ConsoleApplication4/BowlingBallTest/bin/Debug/BowlingBallTest.DLL" adapterTypeName="Microsoft.VisualStudio.TestTools.TestTypes.Unit.UnitTestAdapter, Microsoft.VisualStudio.QualityTools.Tips.UnitTest.Adapter, Version=10.0.0.0, Culture=neutral, PublicKeyToken=b03f5f7f11d50a3a" className="BowlingBallTest.ProgramTest, BowlingBallTest, Version=1.0.0.0, Culture=neutral, PublicKeyToken=null" name="FirstThrow" />
    </UnitTest>
    <UnitTest name="SecondThrow" storage="f:\c#编程\consoleapplication4\bowlingballtest\bin\debug\bowlingballtest.dll" id="2eba0e53-0971-a8d6-0dc0-598aba949da4">
      <Execution id="c8fa016f-16be-4e5d-ae75-ecd95cf006c5" />
      <TestMethod codeBase="F:/C#编程/ConsoleApplication4/BowlingBallTest/bin/Debug/BowlingBallTest.DLL" adapterTypeName="Microsoft.VisualStudio.TestTools.TestTypes.Unit.UnitTestAdapter, Microsoft.VisualStudio.QualityTools.Tips.UnitTest.Adapter, Version=10.0.0.0, Culture=neutral, PublicKeyToken=b03f5f7f11d50a3a" className="BowlingBallTest.ProgramTest, BowlingBallTest, Version=1.0.0.0, Culture=neutral, PublicKeyToken=null" name="SecondThrow" />
    </UnitTest>
  </TestDefinitions>
  <TestLists>
    <TestList name="列表中未列出的结果" id="8c84fa94-04c1-424b-9868-57a2d4851a1d" />
    <TestList name="所有已加载的结果" id="19431567-8539-422a-85d7-44ee4e166bda" />
  </TestLists>
  <TestEntries>
    <TestEntry testId="1e68ec30-eb15-39f9-dfa8-8c4d958858c8" executionId="824f5c0f-aa94-45eb-8155-881e83d666cf" testListId="8c84fa94-04c1-424b-9868-57a2d4851a1d" />
    <TestEntry testId="2eba0e53-0971-a8d6-0dc0-598aba949da4" executionId="c8fa016f-16be-4e5d-ae75-ecd95cf006c5" testListId="8c84fa94-04c1-424b-9868-57a2d4851a1d" />
  </TestEntries>
  <Results>
    <UnitTestResult executionId="824f5c0f-aa94-45eb-8155-881e83d666cf" testId="1e68ec30-eb15-39f9-dfa8-8c4d958858c8" testName="FirstThrow" computerName="CHEN-PC" duration="00:00:00.2129480" startTime="2012-04-18T21:15:43.5886878+08:00" endTime="2012-04-18T21:15:44.7277529+08:00" testType="13cdc9d9-ddb5-4fa4-a97d-d965ccfc6d4b" outcome="Failed" testListId="8c84fa94-04c1-424b-9868-57a2d4851a1d" relativeResultsDirectory="824f5c0f-aa94-45eb-8155-881e83d666cf">
      <Output>
        <ErrorInfo>
          <Message>Assert.AreEqual 失败。应为: &lt;5&gt;，实际为: &lt;10&gt;。</Message>
          <StackTrace>   在 BowlingBallTest.ProgramTest.FirstThrow() 位置 F:\C#编程\ConsoleApplication4\BowlingBallTest\BowlingTest.cs:行号 25
</StackTrace>
        </ErrorInfo>
      </Output>
    </UnitTestResult>
    <UnitTestResult executionId="c8fa016f-16be-4e5d-ae75-ecd95cf006c5" testId="2eba0e53-0971-a8d6-0dc0-598aba949da4" testName="SecondThrow" computerName="CHEN-PC" duration="00:00:00.0662311" startTime="2012-04-18T21:15:44.7697554+08:00" endTime="2012-04-18T21:15:44.8607606+08:00" testType="13cdc9d9-ddb5-4fa4-a97d-d965ccfc6d4b" outcome="Failed" testListId="8c84fa94-04c1-424b-9868-57a2d4851a1d" relativeResultsDirectory="c8fa016f-16be-4e5d-ae75-ecd95cf006c5">
      <Output>
        <ErrorInfo>
          <Message>测试方法 BowlingBallTest.ProgramTest.SecondThrow 引发了异常: 
System.ArgumentException: 值不在预期的范围内。</Message>
          <StackTrace>    在 BowlingBall.Frame.Throw(Int32 pins) 位置 F:\C#编程\ConsoleApplication4\ConsoleApplication4\Program.cs:行号 53
   在 BowlingBallTest.ProgramTest.SecondThrow() 位置 F:\C#编程\ConsoleApplication4\BowlingBallTest\BowlingTest.cs:行号 33
</StackTrace>
        </ErrorInfo>
      </Output>
    </UnitTestResult>
  </Results>
</TestRun>