<?xml version="1.0" encoding="UTF-8"?>
<TestRun id="e92ab36d-6ce9-4914-aa64-3124adf89943" name="chen@CHEN-PC 2012-04-19 16:19:02" runUser="chen-PC\chen" xmlns="http://microsoft.com/schemas/VisualStudio/TeamTest/2010">
  <TestSettings name="本地" id="b0d18b2b-9539-4bbf-8413-44b91da0c97c">
    <Description>这些设置为本地测试运行的默认测试设置。</Description>
    <Deployment enabled="false" runDeploymentRoot="chen_CHEN-PC 2012-04-19 16_19_02">
      <DeploymentItem filename="F:\C#编程\ConsoleApplication4\ConsoleApplication4\bin\Debug\ConsoleApplication4.exe" />
    </Deployment>
    <Execution>
      <TestTypeSpecific />
      <AgentRule name="Execution Agents">
      </AgentRule>
    </Execution>
  </TestSettings>
  <Times creation="2012-04-19T16:19:02.5030596+08:00" queuing="2012-04-19T16:19:08.7724182+08:00" start="2012-04-19T16:19:08.9504283+08:00" finish="2012-04-19T16:19:39.0611506+08:00" />
  <ResultSummary outcome="Error">
    <Counters total="6" executed="2" error="0" failed="1" timeout="0" aborted="1" inconclusive="0" passedButRunAborted="0" notRunnable="0" notExecuted="4" disconnected="0" warning="0" passed="0" completed="0" inProgress="0" pending="0" />
    <RunInfos>
      <RunInfo computerName="CHEN-PC" outcome="Error" timestamp="2012-04-19T16:19:38.9071418+08:00">
        <Text>测试宿主进程意外退出。</Text>
      </RunInfo>
    </RunInfos>
  </ResultSummary>
  <TestDefinitions>
    <UnitTest name="ThirdTurn" storage="f:\c#编程\consoleapplication4\bowlingballtest\bin\debug\bowlingballtest.dll" id="c8fc4c22-2b26-d304-bb25-089fd102304c">
      <Execution id="b126bcd8-6af0-4634-9138-7d5575db4d76" />
      <TestMethod codeBase="F:/C#编程/ConsoleApplication4/BowlingBallTest/bin/Debug/BowlingBallTest.DLL" adapterTypeName="Microsoft.VisualStudio.TestTools.TestTypes.Unit.UnitTestAdapter, Microsoft.VisualStudio.QualityTools.Tips.UnitTest.Adapter, Version=10.0.0.0, Culture=neutral, PublicKeyToken=b03f5f7f11d50a3a" className="BowlingBallTest.ProgramTest, BowlingBallTest, Version=1.0.0.0, Culture=neutral, PublicKeyToken=null" name="ThirdTurn" />
    </UnitTest>
    <UnitTest name="FirstThrow" storage="f:\c#编程\consoleapplication4\bowlingballtest\bin\debug\bowlingballtest.dll" id="1e68ec30-eb15-39f9-dfa8-8c4d958858c8">
      <Execution id="86ea1d35-c248-486a-9c05-c0bcd28c2d16" />
      <TestMethod codeBase="F:/C#编程/ConsoleApplication4/BowlingBallTest/bin/Debug/BowlingBallTest.DLL" adapterTypeName="Microsoft.VisualStudio.TestTools.TestTypes.Unit.UnitTestAdapter, Microsoft.VisualStudio.QualityTools.Tips.UnitTest.Adapter, Version=10.0.0.0, Culture=neutral, PublicKeyToken=b03f5f7f11d50a3a" className="BowlingBallTest.ProgramTest, BowlingBallTest, Version=1.0.0.0, Culture=neutral, PublicKeyToken=null" name="FirstThrow" />
    </UnitTest>
    <UnitTest name="HasAllTurn" storage="f:\c#编程\consoleapplication4\bowlingballtest\bin\debug\bowlingballtest.dll" id="4d40187a-9a36-bec3-f09a-c4a1a36659cb">
      <Execution id="baec1e5d-64da-4458-9905-8eea00a9a5f0" />
      <TestMethod codeBase="F:/C#编程/ConsoleApplication4/BowlingBallTest/bin/Debug/BowlingBallTest.DLL" adapterTypeName="Microsoft.VisualStudio.TestTools.TestTypes.Unit.UnitTestAdapter, Microsoft.VisualStudio.QualityTools.Tips.UnitTest.Adapter, Version=10.0.0.0, Culture=neutral, PublicKeyToken=b03f5f7f11d50a3a" className="BowlingBallTest.ProgramTest, BowlingBallTest, Version=1.0.0.0, Culture=neutral, PublicKeyToken=null" name="HasAllTurn" />
    </UnitTest>
    <UnitTest name="HasSpareTurn" storage="f:\c#编程\consoleapplication4\bowlingballtest\bin\debug\bowlingballtest.dll" id="3152933b-e2c6-f44d-b3bb-7220745265e0">
      <Execution id="c5903bbd-add5-4bab-af71-148c9927ce29" />
      <TestMethod codeBase="F:/C#编程/ConsoleApplication4/BowlingBallTest/bin/Debug/BowlingBallTest.DLL" adapterTypeName="Microsoft.VisualStudio.TestTools.TestTypes.Unit.UnitTestAdapter, Microsoft.VisualStudio.QualityTools.Tips.UnitTest.Adapter, Version=10.0.0.0, Culture=neutral, PublicKeyToken=b03f5f7f11d50a3a" className="BowlingBallTest.ProgramTest, BowlingBallTest, Version=1.0.0.0, Culture=neutral, PublicKeyToken=null" name="HasSpareTurn" />
    </UnitTest>
    <UnitTest name="SecondThrow" storage="f:\c#编程\consoleapplication4\bowlingballtest\bin\debug\bowlingballtest.dll" id="2eba0e53-0971-a8d6-0dc0-598aba949da4">
      <Execution id="31a80f58-ca0f-416b-a395-5b928f160613" />
      <TestMethod codeBase="F:/C#编程/ConsoleApplication4/BowlingBallTest/bin/Debug/BowlingBallTest.DLL" adapterTypeName="Microsoft.VisualStudio.TestTools.TestTypes.Unit.UnitTestAdapter, Microsoft.VisualStudio.QualityTools.Tips.UnitTest.Adapter, Version=10.0.0.0, Culture=neutral, PublicKeyToken=b03f5f7f11d50a3a" className="BowlingBallTest.ProgramTest, BowlingBallTest, Version=1.0.0.0, Culture=neutral, PublicKeyToken=null" name="SecondThrow" />
    </UnitTest>
    <UnitTest name="TheTenthTurn" storage="f:\c#编程\consoleapplication4\bowlingballtest\bin\debug\bowlingballtest.dll" id="d970cdca-679b-5596-3184-942bf871e042">
      <Execution id="6cc8e998-32fb-48fb-8c31-fdc6aa384138" />
      <TestMethod codeBase="F:/C#编程/ConsoleApplication4/BowlingBallTest/bin/Debug/BowlingBallTest.DLL" adapterTypeName="Microsoft.VisualStudio.TestTools.TestTypes.Unit.UnitTestAdapter, Microsoft.VisualStudio.QualityTools.Tips.UnitTest.Adapter, Version=10.0.0.0, Culture=neutral, PublicKeyToken=b03f5f7f11d50a3a" className="BowlingBallTest.ProgramTest, BowlingBallTest, Version=1.0.0.0, Culture=neutral, PublicKeyToken=null" name="TheTenthTurn" />
    </UnitTest>
  </TestDefinitions>
  <TestLists>
    <TestList name="列表中未列出的结果" id="8c84fa94-04c1-424b-9868-57a2d4851a1d" />
    <TestList name="所有已加载的结果" id="19431567-8539-422a-85d7-44ee4e166bda" />
  </TestLists>
  <TestEntries>
    <TestEntry testId="1e68ec30-eb15-39f9-dfa8-8c4d958858c8" executionId="86ea1d35-c248-486a-9c05-c0bcd28c2d16" testListId="8c84fa94-04c1-424b-9868-57a2d4851a1d" />
    <TestEntry testId="2eba0e53-0971-a8d6-0dc0-598aba949da4" executionId="31a80f58-ca0f-416b-a395-5b928f160613" testListId="8c84fa94-04c1-424b-9868-57a2d4851a1d" />
    <TestEntry testId="c8fc4c22-2b26-d304-bb25-089fd102304c" executionId="b126bcd8-6af0-4634-9138-7d5575db4d76" testListId="8c84fa94-04c1-424b-9868-57a2d4851a1d" />
    <TestEntry testId="3152933b-e2c6-f44d-b3bb-7220745265e0" executionId="c5903bbd-add5-4bab-af71-148c9927ce29" testListId="8c84fa94-04c1-424b-9868-57a2d4851a1d" />
    <TestEntry testId="4d40187a-9a36-bec3-f09a-c4a1a36659cb" executionId="baec1e5d-64da-4458-9905-8eea00a9a5f0" testListId="8c84fa94-04c1-424b-9868-57a2d4851a1d" />
    <TestEntry testId="d970cdca-679b-5596-3184-942bf871e042" executionId="6cc8e998-32fb-48fb-8c31-fdc6aa384138" testListId="8c84fa94-04c1-424b-9868-57a2d4851a1d" />
  </TestEntries>
  <Results>
    <UnitTestResult executionId="86ea1d35-c248-486a-9c05-c0bcd28c2d16" testId="1e68ec30-eb15-39f9-dfa8-8c4d958858c8" testName="FirstThrow" computerName="CHEN-PC" duration="00:00:05.0123433" startTime="2012-04-19T16:19:09.0754355+08:00" endTime="2012-04-19T16:19:14.9687726+08:00" testType="13cdc9d9-ddb5-4fa4-a97d-d965ccfc6d4b" outcome="Failed" testListId="8c84fa94-04c1-424b-9868-57a2d4851a1d" relativeResultsDirectory="86ea1d35-c248-486a-9c05-c0bcd28c2d16">
      <Output>
        <ErrorInfo>
          <Message>测试方法 BowlingBallTest.ProgramTest.FirstThrow 引发了异常: 
System.NullReferenceException: 未将对象引用设置到对象的实例。</Message>
          <StackTrace>    在 BowlingBall.Frame.InvalidPins(Int32 pins) 位置 F:\C#编程\ConsoleApplication4\ConsoleApplication4\Program.cs:行号 75
   在 BowlingBall.Frame.Throw(Int32 pins) 位置 F:\C#编程\ConsoleApplication4\ConsoleApplication4\Program.cs:行号 42
   在 BowlingBall.Frame..ctor(Int32 pins, Game game) 位置 F:\C#编程\ConsoleApplication4\ConsoleApplication4\Program.cs:行号 39
   在 BowlingBall.Game.Throw(Int32 pins) 位置 F:\C#编程\ConsoleApplication4\ConsoleApplication4\Program.cs:行号 110
   在 BowlingBallTest.ProgramTest.FirstThrow() 位置 F:\C#编程\ConsoleApplication4\BowlingBallTest\BowlingTest.cs:行号 21
</StackTrace>
        </ErrorInfo>
      </Output>
    </UnitTestResult>
    <UnitTestResult executionId="31a80f58-ca0f-416b-a395-5b928f160613" testId="2eba0e53-0971-a8d6-0dc0-598aba949da4" testName="SecondThrow" computerName="CHEN-PC" duration="00:00:23.8793658" startTime="2012-04-19T16:19:15.0297761+08:00" endTime="2012-04-19T16:19:38.9091419+08:00" testType="13cdc9d9-ddb5-4fa4-a97d-d965ccfc6d4b" outcome="Aborted" testListId="8c84fa94-04c1-424b-9868-57a2d4851a1d" relativeResultsDirectory="31a80f58-ca0f-416b-a395-5b928f160613">
    </UnitTestResult>
    <UnitTestResult executionId="b126bcd8-6af0-4634-9138-7d5575db4d76" testId="c8fc4c22-2b26-d304-bb25-089fd102304c" testName="ThirdTurn" computerName="CHEN-PC" testType="13cdc9d9-ddb5-4fa4-a97d-d965ccfc6d4b" outcome="NotExecuted" testListId="8c84fa94-04c1-424b-9868-57a2d4851a1d" relativeResultsDirectory="b126bcd8-6af0-4634-9138-7d5575db4d76">
    </UnitTestResult>
    <UnitTestResult executionId="c5903bbd-add5-4bab-af71-148c9927ce29" testId="3152933b-e2c6-f44d-b3bb-7220745265e0" testName="HasSpareTurn" computerName="CHEN-PC" testType="13cdc9d9-ddb5-4fa4-a97d-d965ccfc6d4b" outcome="NotExecuted" testListId="8c84fa94-04c1-424b-9868-57a2d4851a1d" relativeResultsDirectory="c5903bbd-add5-4bab-af71-148c9927ce29">
    </UnitTestResult>
    <UnitTestResult executionId="baec1e5d-64da-4458-9905-8eea00a9a5f0" testId="4d40187a-9a36-bec3-f09a-c4a1a36659cb" testName="HasAllTurn" computerName="CHEN-PC" testType="13cdc9d9-ddb5-4fa4-a97d-d965ccfc6d4b" outcome="NotExecuted" testListId="8c84fa94-04c1-424b-9868-57a2d4851a1d" relativeResultsDirectory="baec1e5d-64da-4458-9905-8eea00a9a5f0">
    </UnitTestResult>
    <UnitTestResult executionId="6cc8e998-32fb-48fb-8c31-fdc6aa384138" testId="d970cdca-679b-5596-3184-942bf871e042" testName="TheTenthTurn" computerName="CHEN-PC" testType="13cdc9d9-ddb5-4fa4-a97d-d965ccfc6d4b" outcome="NotExecuted" testListId="8c84fa94-04c1-424b-9868-57a2d4851a1d" relativeResultsDirectory="6cc8e998-32fb-48fb-8c31-fdc6aa384138">
    </UnitTestResult>
  </Results>
</TestRun>