<?xml version="1.0" encoding="UTF-8"?>
<TestRun id="bbc88f96-ce33-43c7-985c-1631e245d8e5" name="chen@CHEN-PC 2012-04-19 16:22:40" runUser="chen-PC\chen" xmlns="http://microsoft.com/schemas/VisualStudio/TeamTest/2010">
  <TestSettings name="本地" id="b0d18b2b-9539-4bbf-8413-44b91da0c97c">
    <Description>这些设置为本地测试运行的默认测试设置。</Description>
    <Deployment enabled="false" runDeploymentRoot="chen_CHEN-PC 2012-04-19 16_22_40">
      <DeploymentItem filename="F:\C#编程\ConsoleApplication4\ConsoleApplication4\bin\Debug\ConsoleApplication4.exe" />
    </Deployment>
    <Execution>
      <TestTypeSpecific />
      <AgentRule name="Execution Agents">
      </AgentRule>
    </Execution>
  </TestSettings>
  <Times creation="2012-04-19T16:22:40.5615318+08:00" queuing="2012-04-19T16:22:42.2766299+08:00" start="2012-04-19T16:22:42.4296387+08:00" finish="2012-04-19T16:23:44.4691871+08:00" />
  <ResultSummary outcome="Error">
    <Counters total="6" executed="1" error="0" failed="0" timeout="0" aborted="1" inconclusive="0" passedButRunAborted="0" notRunnable="0" notExecuted="5" disconnected="0" warning="0" passed="0" completed="0" inProgress="0" pending="0" />
    <RunInfos>
      <RunInfo computerName="CHEN-PC" outcome="Error" timestamp="2012-04-19T16:23:44.4661869+08:00">
        <Text>测试宿主进程意外退出。</Text>
      </RunInfo>
    </RunInfos>
  </ResultSummary>
  <TestDefinitions>
    <UnitTest name="ThirdTurn" storage="f:\c#编程\consoleapplication4\bowlingballtest\bin\debug\bowlingballtest.dll" id="c8fc4c22-2b26-d304-bb25-089fd102304c">
      <Execution id="747c98cd-2d4c-4953-ac6a-7a16045066bf" />
      <TestMethod codeBase="F:/C#编程/ConsoleApplication4/BowlingBallTest/bin/Debug/BowlingBallTest.DLL" adapterTypeName="Microsoft.VisualStudio.TestTools.TestTypes.Unit.UnitTestAdapter, Microsoft.VisualStudio.QualityTools.Tips.UnitTest.Adapter, Version=10.0.0.0, Culture=neutral, PublicKeyToken=b03f5f7f11d50a3a" className="BowlingBallTest.ProgramTest, BowlingBallTest, Version=1.0.0.0, Culture=neutral, PublicKeyToken=null" name="ThirdTurn" />
    </UnitTest>
    <UnitTest name="FirstThrow" storage="f:\c#编程\consoleapplication4\bowlingballtest\bin\debug\bowlingballtest.dll" id="1e68ec30-eb15-39f9-dfa8-8c4d958858c8">
      <Execution id="235aafae-47de-4c90-8469-8d5843ccf813" />
      <TestMethod codeBase="F:/C#编程/ConsoleApplication4/BowlingBallTest/bin/Debug/BowlingBallTest.DLL" adapterTypeName="Microsoft.VisualStudio.TestTools.TestTypes.Unit.UnitTestAdapter, Microsoft.VisualStudio.QualityTools.Tips.UnitTest.Adapter, Version=10.0.0.0, Culture=neutral, PublicKeyToken=b03f5f7f11d50a3a" className="BowlingBallTest.ProgramTest, BowlingBallTest, Version=1.0.0.0, Culture=neutral, PublicKeyToken=null" name="FirstThrow" />
    </UnitTest>
    <UnitTest name="HasAllTurn" storage="f:\c#编程\consoleapplication4\bowlingballtest\bin\debug\bowlingballtest.dll" id="4d40187a-9a36-bec3-f09a-c4a1a36659cb">
      <Execution id="fdbc2bce-726f-437d-ac21-c09b31025522" />
      <TestMethod codeBase="F:/C#编程/ConsoleApplication4/BowlingBallTest/bin/Debug/BowlingBallTest.DLL" adapterTypeName="Microsoft.VisualStudio.TestTools.TestTypes.Unit.UnitTestAdapter, Microsoft.VisualStudio.QualityTools.Tips.UnitTest.Adapter, Version=10.0.0.0, Culture=neutral, PublicKeyToken=b03f5f7f11d50a3a" className="BowlingBallTest.ProgramTest, BowlingBallTest, Version=1.0.0.0, Culture=neutral, PublicKeyToken=null" name="HasAllTurn" />
    </UnitTest>
    <UnitTest name="HasSpareTurn" storage="f:\c#编程\consoleapplication4\bowlingballtest\bin\debug\bowlingballtest.dll" id="3152933b-e2c6-f44d-b3bb-7220745265e0">
      <Execution id="56ca9511-e6e2-43cf-8b20-03381d3c0056" />
      <TestMethod codeBase="F:/C#编程/ConsoleApplication4/BowlingBallTest/bin/Debug/BowlingBallTest.DLL" adapterTypeName="Microsoft.VisualStudio.TestTools.TestTypes.Unit.UnitTestAdapter, Microsoft.VisualStudio.QualityTools.Tips.UnitTest.Adapter, Version=10.0.0.0, Culture=neutral, PublicKeyToken=b03f5f7f11d50a3a" className="BowlingBallTest.ProgramTest, BowlingBallTest, Version=1.0.0.0, Culture=neutral, PublicKeyToken=null" name="HasSpareTurn" />
    </UnitTest>
    <UnitTest name="SecondThrow" storage="f:\c#编程\consoleapplication4\bowlingballtest\bin\debug\bowlingballtest.dll" id="2eba0e53-0971-a8d6-0dc0-598aba949da4">
      <Execution id="6a3b6b66-1f6c-42bc-9e83-8e62d3a8a667" />
      <TestMethod codeBase="F:/C#编程/ConsoleApplication4/BowlingBallTest/bin/Debug/BowlingBallTest.DLL" adapterTypeName="Microsoft.VisualStudio.TestTools.TestTypes.Unit.UnitTestAdapter, Microsoft.VisualStudio.QualityTools.Tips.UnitTest.Adapter, Version=10.0.0.0, Culture=neutral, PublicKeyToken=b03f5f7f11d50a3a" className="BowlingBallTest.ProgramTest, BowlingBallTest, Version=1.0.0.0, Culture=neutral, PublicKeyToken=null" name="SecondThrow" />
    </UnitTest>
    <UnitTest name="TheTenthTurn" storage="f:\c#编程\consoleapplication4\bowlingballtest\bin\debug\bowlingballtest.dll" id="d970cdca-679b-5596-3184-942bf871e042">
      <Execution id="8c0e3f71-c058-4e0b-a386-86048913dd10" />
      <TestMethod codeBase="F:/C#编程/ConsoleApplication4/BowlingBallTest/bin/Debug/BowlingBallTest.DLL" adapterTypeName="Microsoft.VisualStudio.TestTools.TestTypes.Unit.UnitTestAdapter, Microsoft.VisualStudio.QualityTools.Tips.UnitTest.Adapter, Version=10.0.0.0, Culture=neutral, PublicKeyToken=b03f5f7f11d50a3a" className="BowlingBallTest.ProgramTest, BowlingBallTest, Version=1.0.0.0, Culture=neutral, PublicKeyToken=null" name="TheTenthTurn" />
    </UnitTest>
  </TestDefinitions>
  <TestLists>
    <TestList name="列表中未列出的结果" id="8c84fa94-04c1-424b-9868-57a2d4851a1d" />
    <TestList name="所有已加载的结果" id="19431567-8539-422a-85d7-44ee4e166bda" />
  </TestLists>
  <TestEntries>
    <TestEntry testId="1e68ec30-eb15-39f9-dfa8-8c4d958858c8" executionId="235aafae-47de-4c90-8469-8d5843ccf813" testListId="8c84fa94-04c1-424b-9868-57a2d4851a1d" />
    <TestEntry testId="2eba0e53-0971-a8d6-0dc0-598aba949da4" executionId="6a3b6b66-1f6c-42bc-9e83-8e62d3a8a667" testListId="8c84fa94-04c1-424b-9868-57a2d4851a1d" />
    <TestEntry testId="c8fc4c22-2b26-d304-bb25-089fd102304c" executionId="747c98cd-2d4c-4953-ac6a-7a16045066bf" testListId="8c84fa94-04c1-424b-9868-57a2d4851a1d" />
    <TestEntry testId="3152933b-e2c6-f44d-b3bb-7220745265e0" executionId="56ca9511-e6e2-43cf-8b20-03381d3c0056" testListId="8c84fa94-04c1-424b-9868-57a2d4851a1d" />
    <TestEntry testId="4d40187a-9a36-bec3-f09a-c4a1a36659cb" executionId="fdbc2bce-726f-437d-ac21-c09b31025522" testListId="8c84fa94-04c1-424b-9868-57a2d4851a1d" />
    <TestEntry testId="d970cdca-679b-5596-3184-942bf871e042" executionId="8c0e3f71-c058-4e0b-a386-86048913dd10" testListId="8c84fa94-04c1-424b-9868-57a2d4851a1d" />
  </TestEntries>
  <Results>
    <UnitTestResult executionId="235aafae-47de-4c90-8469-8d5843ccf813" testId="1e68ec30-eb15-39f9-dfa8-8c4d958858c8" testName="FirstThrow" computerName="CHEN-PC" duration="00:01:01.9085410" startTime="2012-04-19T16:22:42.5596461+08:00" endTime="2012-04-19T16:23:44.4681871+08:00" testType="13cdc9d9-ddb5-4fa4-a97d-d965ccfc6d4b" outcome="Aborted" testListId="8c84fa94-04c1-424b-9868-57a2d4851a1d" relativeResultsDirectory="235aafae-47de-4c90-8469-8d5843ccf813">
    </UnitTestResult>
    <UnitTestResult executionId="6a3b6b66-1f6c-42bc-9e83-8e62d3a8a667" testId="2eba0e53-0971-a8d6-0dc0-598aba949da4" testName="SecondThrow" computerName="CHEN-PC" testType="13cdc9d9-ddb5-4fa4-a97d-d965ccfc6d4b" outcome="NotExecuted" testListId="8c84fa94-04c1-424b-9868-57a2d4851a1d" relativeResultsDirectory="6a3b6b66-1f6c-42bc-9e83-8e62d3a8a667">
    </UnitTestResult>
    <UnitTestResult executionId="747c98cd-2d4c-4953-ac6a-7a16045066bf" testId="c8fc4c22-2b26-d304-bb25-089fd102304c" testName="ThirdTurn" computerName="CHEN-PC" testType="13cdc9d9-ddb5-4fa4-a97d-d965ccfc6d4b" outcome="NotExecuted" testListId="8c84fa94-04c1-424b-9868-57a2d4851a1d" relativeResultsDirectory="747c98cd-2d4c-4953-ac6a-7a16045066bf">
    </UnitTestResult>
    <UnitTestResult executionId="56ca9511-e6e2-43cf-8b20-03381d3c0056" testId="3152933b-e2c6-f44d-b3bb-7220745265e0" testName="HasSpareTurn" computerName="CHEN-PC" testType="13cdc9d9-ddb5-4fa4-a97d-d965ccfc6d4b" outcome="NotExecuted" testListId="8c84fa94-04c1-424b-9868-57a2d4851a1d" relativeResultsDirectory="56ca9511-e6e2-43cf-8b20-03381d3c0056">
    </UnitTestResult>
    <UnitTestResult executionId="fdbc2bce-726f-437d-ac21-c09b31025522" testId="4d40187a-9a36-bec3-f09a-c4a1a36659cb" testName="HasAllTurn" computerName="CHEN-PC" testType="13cdc9d9-ddb5-4fa4-a97d-d965ccfc6d4b" outcome="NotExecuted" testListId="8c84fa94-04c1-424b-9868-57a2d4851a1d" relativeResultsDirectory="fdbc2bce-726f-437d-ac21-c09b31025522">
    </UnitTestResult>
    <UnitTestResult executionId="8c0e3f71-c058-4e0b-a386-86048913dd10" testId="d970cdca-679b-5596-3184-942bf871e042" testName="TheTenthTurn" computerName="CHEN-PC" testType="13cdc9d9-ddb5-4fa4-a97d-d965ccfc6d4b" outcome="NotExecuted" testListId="8c84fa94-04c1-424b-9868-57a2d4851a1d" relativeResultsDirectory="8c0e3f71-c058-4e0b-a386-86048913dd10">
    </UnitTestResult>
  </Results>
</TestRun>