<?xml version="1.0" encoding="UTF-8"?>
<TestRun id="9fffbd65-0427-4863-a184-af8bd761e7e6" name="chen@CHEN-PC 2012-04-18 21:55:00" runUser="chen-PC\chen" xmlns="http://microsoft.com/schemas/VisualStudio/TeamTest/2010">
  <TestSettings name="本地" id="b0d18b2b-9539-4bbf-8413-44b91da0c97c">
    <Description>这些设置为本地测试运行的默认测试设置。</Description>
    <Deployment enabled="false" runDeploymentRoot="chen_CHEN-PC 2012-04-18 21_55_00">
      <DeploymentItem filename="F:\C#编程\ConsoleApplication4\ConsoleApplication4\bin\Debug\ConsoleApplication4.exe" />
    </Deployment>
    <Execution>
      <TestTypeSpecific />
      <AgentRule name="Execution Agents">
      </AgentRule>
    </Execution>
  </TestSettings>
  <Times creation="2012-04-18T21:55:00.2564815+08:00" queuing="2012-04-18T21:55:02.5166108+08:00" start="2012-04-18T21:55:02.7406236+08:00" finish="2012-04-18T21:55:04.1527043+08:00" />
  <ResultSummary outcome="Completed">
    <Counters total="3" executed="3" passed="3" error="0" failed="0" timeout="0" aborted="0" inconclusive="0" passedButRunAborted="0" notRunnable="0" notExecuted="0" disconnected="0" warning="0" completed="0" inProgress="0" pending="0" />
  </ResultSummary>
  <TestDefinitions>
    <UnitTest name="FirstThrow" storage="f:\c#编程\consoleapplication4\bowlingballtest\bin\debug\bowlingballtest.dll" id="1e68ec30-eb15-39f9-dfa8-8c4d958858c8">
      <Execution id="e3891f03-83cc-40f7-b3c6-07367f732a01" />
      <TestMethod codeBase="F:/C#编程/ConsoleApplication4/BowlingBallTest/bin/Debug/BowlingBallTest.DLL" adapterTypeName="Microsoft.VisualStudio.TestTools.TestTypes.Unit.UnitTestAdapter, Microsoft.VisualStudio.QualityTools.Tips.UnitTest.Adapter, Version=10.0.0.0, Culture=neutral, PublicKeyToken=b03f5f7f11d50a3a" className="BowlingBallTest.ProgramTest, BowlingBallTest, Version=1.0.0.0, Culture=neutral, PublicKeyToken=null" name="FirstThrow" />
    </UnitTest>
    <UnitTest name="ThirdTurn" storage="f:\c#编程\consoleapplication4\bowlingballtest\bin\debug\bowlingballtest.dll" id="c8fc4c22-2b26-d304-bb25-089fd102304c">
      <Execution id="f24fed4a-e607-483e-9427-4d4cf97c931e" />
      <TestMethod codeBase="F:/C#编程/ConsoleApplication4/BowlingBallTest/bin/Debug/BowlingBallTest.DLL" adapterTypeName="Microsoft.VisualStudio.TestTools.TestTypes.Unit.UnitTestAdapter, Microsoft.VisualStudio.QualityTools.Tips.UnitTest.Adapter, Version=10.0.0.0, Culture=neutral, PublicKeyToken=b03f5f7f11d50a3a" className="BowlingBallTest.ProgramTest, BowlingBallTest, Version=1.0.0.0, Culture=neutral, PublicKeyToken=null" name="ThirdTurn" />
    </UnitTest>
    <UnitTest name="SecondThrow" storage="f:\c#编程\consoleapplication4\bowlingballtest\bin\debug\bowlingballtest.dll" id="2eba0e53-0971-a8d6-0dc0-598aba949da4">
      <Execution id="ab8c54a4-b9de-4b4b-8047-95eb3f5f4edd" />
      <TestMethod codeBase="F:/C#编程/ConsoleApplication4/BowlingBallTest/bin/Debug/BowlingBallTest.DLL" adapterTypeName="Microsoft.VisualStudio.TestTools.TestTypes.Unit.UnitTestAdapter, Microsoft.VisualStudio.QualityTools.Tips.UnitTest.Adapter, Version=10.0.0.0, Culture=neutral, PublicKeyToken=b03f5f7f11d50a3a" className="BowlingBallTest.ProgramTest, BowlingBallTest, Version=1.0.0.0, Culture=neutral, PublicKeyToken=null" name="SecondThrow" />
    </UnitTest>
  </TestDefinitions>
  <TestLists>
    <TestList name="列表中未列出的结果" id="8c84fa94-04c1-424b-9868-57a2d4851a1d" />
    <TestList name="所有已加载的结果" id="19431567-8539-422a-85d7-44ee4e166bda" />
  </TestLists>
  <TestEntries>
    <TestEntry testId="1e68ec30-eb15-39f9-dfa8-8c4d958858c8" executionId="e3891f03-83cc-40f7-b3c6-07367f732a01" testListId="8c84fa94-04c1-424b-9868-57a2d4851a1d" />
    <TestEntry testId="2eba0e53-0971-a8d6-0dc0-598aba949da4" executionId="ab8c54a4-b9de-4b4b-8047-95eb3f5f4edd" testListId="8c84fa94-04c1-424b-9868-57a2d4851a1d" />
    <TestEntry testId="c8fc4c22-2b26-d304-bb25-089fd102304c" executionId="f24fed4a-e607-483e-9427-4d4cf97c931e" testListId="8c84fa94-04c1-424b-9868-57a2d4851a1d" />
  </TestEntries>
  <Results>
    <UnitTestResult executionId="e3891f03-83cc-40f7-b3c6-07367f732a01" testId="1e68ec30-eb15-39f9-dfa8-8c4d958858c8" testName="FirstThrow" computerName="CHEN-PC" duration="00:00:00.0304962" startTime="2012-04-18T21:55:02.8916322+08:00" endTime="2012-04-18T21:55:03.8356862+08:00" testType="13cdc9d9-ddb5-4fa4-a97d-d965ccfc6d4b" outcome="Passed" testListId="8c84fa94-04c1-424b-9868-57a2d4851a1d" relativeResultsDirectory="e3891f03-83cc-40f7-b3c6-07367f732a01">
    </UnitTestResult>
    <UnitTestResult executionId="ab8c54a4-b9de-4b4b-8047-95eb3f5f4edd" testId="2eba0e53-0971-a8d6-0dc0-598aba949da4" testName="SecondThrow" computerName="CHEN-PC" duration="00:00:00.0005112" startTime="2012-04-18T21:55:03.8636878+08:00" endTime="2012-04-18T21:55:03.8996899+08:00" testType="13cdc9d9-ddb5-4fa4-a97d-d965ccfc6d4b" outcome="Passed" testListId="8c84fa94-04c1-424b-9868-57a2d4851a1d" relativeResultsDirectory="ab8c54a4-b9de-4b4b-8047-95eb3f5f4edd">
    </UnitTestResult>
    <UnitTestResult executionId="f24fed4a-e607-483e-9427-4d4cf97c931e" testId="c8fc4c22-2b26-d304-bb25-089fd102304c" testName="ThirdTurn" computerName="CHEN-PC" duration="00:00:00.0005993" startTime="2012-04-18T21:55:03.9146907+08:00" endTime="2012-04-18T21:55:03.9546930+08:00" testType="13cdc9d9-ddb5-4fa4-a97d-d965ccfc6d4b" outcome="Passed" testListId="8c84fa94-04c1-424b-9868-57a2d4851a1d" relativeResultsDirectory="f24fed4a-e607-483e-9427-4d4cf97c931e">
    </UnitTestResult>
  </Results>
</TestRun>