<?xml version="1.0" encoding="UTF-8"?>
<TestRun id="cfe2d9e2-1811-4e57-9117-39de6a8c4cd3" name="chen@CHEN-PC 2012-04-19 16:21:12" runUser="chen-PC\chen" xmlns="http://microsoft.com/schemas/VisualStudio/TeamTest/2010">
  <TestSettings name="本地" id="b0d18b2b-9539-4bbf-8413-44b91da0c97c">
    <Description>这些设置为本地测试运行的默认测试设置。</Description>
    <Deployment enabled="false" runDeploymentRoot="chen_CHEN-PC 2012-04-19 16_21_12">
      <DeploymentItem filename="F:\C#编程\ConsoleApplication4\ConsoleApplication4\bin\Debug\ConsoleApplication4.exe" />
    </Deployment>
    <Execution>
      <TestTypeSpecific />
      <AgentRule name="Execution Agents">
      </AgentRule>
    </Execution>
  </TestSettings>
  <Times creation="2012-04-19T16:21:12.1994778+08:00" queuing="2012-04-19T16:21:13.7235650+08:00" start="2012-04-19T16:21:13.8865743+08:00" finish="2012-04-19T16:21:21.4320059+08:00" />
  <ResultSummary outcome="Failed">
    <Counters total="6" executed="6" error="0" failed="6" timeout="0" aborted="0" inconclusive="0" passedButRunAborted="0" notRunnable="0" notExecuted="0" disconnected="0" warning="0" passed="0" completed="0" inProgress="0" pending="0" />
  </ResultSummary>
  <TestDefinitions>
    <UnitTest name="ThirdTurn" storage="f:\c#编程\consoleapplication4\bowlingballtest\bin\debug\bowlingballtest.dll" id="c8fc4c22-2b26-d304-bb25-089fd102304c">
      <Execution id="0c43b3ea-3e14-481d-a147-d871bb279920" />
      <TestMethod codeBase="F:/C#编程/ConsoleApplication4/BowlingBallTest/bin/Debug/BowlingBallTest.DLL" adapterTypeName="Microsoft.VisualStudio.TestTools.TestTypes.Unit.UnitTestAdapter, Microsoft.VisualStudio.QualityTools.Tips.UnitTest.Adapter, Version=10.0.0.0, Culture=neutral, PublicKeyToken=b03f5f7f11d50a3a" className="BowlingBallTest.ProgramTest, BowlingBallTest, Version=1.0.0.0, Culture=neutral, PublicKeyToken=null" name="ThirdTurn" />
    </UnitTest>
    <UnitTest name="FirstThrow" storage="f:\c#编程\consoleapplication4\bowlingballtest\bin\debug\bowlingballtest.dll" id="1e68ec30-eb15-39f9-dfa8-8c4d958858c8">
      <Execution id="3ee04e4c-f732-40ab-8d88-3fd4466c0c72" />
      <TestMethod codeBase="F:/C#编程/ConsoleApplication4/BowlingBallTest/bin/Debug/BowlingBallTest.DLL" adapterTypeName="Microsoft.VisualStudio.TestTools.TestTypes.Unit.UnitTestAdapter, Microsoft.VisualStudio.QualityTools.Tips.UnitTest.Adapter, Version=10.0.0.0, Culture=neutral, PublicKeyToken=b03f5f7f11d50a3a" className="BowlingBallTest.ProgramTest, BowlingBallTest, Version=1.0.0.0, Culture=neutral, PublicKeyToken=null" name="FirstThrow" />
    </UnitTest>
    <UnitTest name="HasAllTurn" storage="f:\c#编程\consoleapplication4\bowlingballtest\bin\debug\bowlingballtest.dll" id="4d40187a-9a36-bec3-f09a-c4a1a36659cb">
      <Execution id="e46601ee-ae8f-44c4-a9a6-45c09010265b" />
      <TestMethod codeBase="F:/C#编程/ConsoleApplication4/BowlingBallTest/bin/Debug/BowlingBallTest.DLL" adapterTypeName="Microsoft.VisualStudio.TestTools.TestTypes.Unit.UnitTestAdapter, Microsoft.VisualStudio.QualityTools.Tips.UnitTest.Adapter, Version=10.0.0.0, Culture=neutral, PublicKeyToken=b03f5f7f11d50a3a" className="BowlingBallTest.ProgramTest, BowlingBallTest, Version=1.0.0.0, Culture=neutral, PublicKeyToken=null" name="HasAllTurn" />
    </UnitTest>
    <UnitTest name="HasSpareTurn" storage="f:\c#编程\consoleapplication4\bowlingballtest\bin\debug\bowlingballtest.dll" id="3152933b-e2c6-f44d-b3bb-7220745265e0">
      <Execution id="707af650-3666-4564-87b6-ea8891e6b028" />
      <TestMethod codeBase="F:/C#编程/ConsoleApplication4/BowlingBallTest/bin/Debug/BowlingBallTest.DLL" adapterTypeName="Microsoft.VisualStudio.TestTools.TestTypes.Unit.UnitTestAdapter, Microsoft.VisualStudio.QualityTools.Tips.UnitTest.Adapter, Version=10.0.0.0, Culture=neutral, PublicKeyToken=b03f5f7f11d50a3a" className="BowlingBallTest.ProgramTest, BowlingBallTest, Version=1.0.0.0, Culture=neutral, PublicKeyToken=null" name="HasSpareTurn" />
    </UnitTest>
    <UnitTest name="SecondThrow" storage="f:\c#编程\consoleapplication4\bowlingballtest\bin\debug\bowlingballtest.dll" id="2eba0e53-0971-a8d6-0dc0-598aba949da4">
      <Execution id="2f572216-2bcc-4b2c-8bb4-74f8d929b4f8" />
      <TestMethod codeBase="F:/C#编程/ConsoleApplication4/BowlingBallTest/bin/Debug/BowlingBallTest.DLL" adapterTypeName="Microsoft.VisualStudio.TestTools.TestTypes.Unit.UnitTestAdapter, Microsoft.VisualStudio.QualityTools.Tips.UnitTest.Adapter, Version=10.0.0.0, Culture=neutral, PublicKeyToken=b03f5f7f11d50a3a" className="BowlingBallTest.ProgramTest, BowlingBallTest, Version=1.0.0.0, Culture=neutral, PublicKeyToken=null" name="SecondThrow" />
    </UnitTest>
    <UnitTest name="TheTenthTurn" storage="f:\c#编程\consoleapplication4\bowlingballtest\bin\debug\bowlingballtest.dll" id="d970cdca-679b-5596-3184-942bf871e042">
      <Execution id="624dd9ef-d253-42b3-a5f6-1236dd9802a6" />
      <TestMethod codeBase="F:/C#编程/ConsoleApplication4/BowlingBallTest/bin/Debug/BowlingBallTest.DLL" adapterTypeName="Microsoft.VisualStudio.TestTools.TestTypes.Unit.UnitTestAdapter, Microsoft.VisualStudio.QualityTools.Tips.UnitTest.Adapter, Version=10.0.0.0, Culture=neutral, PublicKeyToken=b03f5f7f11d50a3a" className="BowlingBallTest.ProgramTest, BowlingBallTest, Version=1.0.0.0, Culture=neutral, PublicKeyToken=null" name="TheTenthTurn" />
    </UnitTest>
  </TestDefinitions>
  <TestLists>
    <TestList name="列表中未列出的结果" id="8c84fa94-04c1-424b-9868-57a2d4851a1d" />
    <TestList name="所有已加载的结果" id="19431567-8539-422a-85d7-44ee4e166bda" />
  </TestLists>
  <TestEntries>
    <TestEntry testId="1e68ec30-eb15-39f9-dfa8-8c4d958858c8" executionId="3ee04e4c-f732-40ab-8d88-3fd4466c0c72" testListId="8c84fa94-04c1-424b-9868-57a2d4851a1d" />
    <TestEntry testId="2eba0e53-0971-a8d6-0dc0-598aba949da4" executionId="2f572216-2bcc-4b2c-8bb4-74f8d929b4f8" testListId="8c84fa94-04c1-424b-9868-57a2d4851a1d" />
    <TestEntry testId="c8fc4c22-2b26-d304-bb25-089fd102304c" executionId="0c43b3ea-3e14-481d-a147-d871bb279920" testListId="8c84fa94-04c1-424b-9868-57a2d4851a1d" />
    <TestEntry testId="3152933b-e2c6-f44d-b3bb-7220745265e0" executionId="707af650-3666-4564-87b6-ea8891e6b028" testListId="8c84fa94-04c1-424b-9868-57a2d4851a1d" />
    <TestEntry testId="4d40187a-9a36-bec3-f09a-c4a1a36659cb" executionId="e46601ee-ae8f-44c4-a9a6-45c09010265b" testListId="8c84fa94-04c1-424b-9868-57a2d4851a1d" />
    <TestEntry testId="d970cdca-679b-5596-3184-942bf871e042" executionId="624dd9ef-d253-42b3-a5f6-1236dd9802a6" testListId="8c84fa94-04c1-424b-9868-57a2d4851a1d" />
  </TestEntries>
  <Results>
    <UnitTestResult executionId="3ee04e4c-f732-40ab-8d88-3fd4466c0c72" testId="1e68ec30-eb15-39f9-dfa8-8c4d958858c8" testName="FirstThrow" computerName="CHEN-PC" duration="00:00:06.1865964" startTime="2012-04-19T16:21:14.0085813+08:00" endTime="2012-04-19T16:21:20.9309772+08:00" testType="13cdc9d9-ddb5-4fa4-a97d-d965ccfc6d4b" outcome="Failed" testListId="8c84fa94-04c1-424b-9868-57a2d4851a1d" relativeResultsDirectory="3ee04e4c-f732-40ab-8d88-3fd4466c0c72">
      <Output>
        <ErrorInfo>
          <Message>测试方法 BowlingBallTest.ProgramTest.FirstThrow 引发了异常: 
System.NullReferenceException: 未将对象引用设置到对象的实例。</Message>
          <StackTrace>    在 BowlingBall.Frame.InvalidPins(Int32 pins) 位置 F:\C#编程\ConsoleApplication4\ConsoleApplication4\Program.cs:行号 75
   在 BowlingBall.Frame.Throw(Int32 pins) 位置 F:\C#编程\ConsoleApplication4\ConsoleApplication4\Program.cs:行号 42
   在 BowlingBall.Frame..ctor(Int32 pins, Game game) 位置 F:\C#编程\ConsoleApplication4\ConsoleApplication4\Program.cs:行号 39
   在 BowlingBall.Game.Throw(Int32 pins) 位置 F:\C#编程\ConsoleApplication4\ConsoleApplication4\Program.cs:行号 110
   在 BowlingBallTest.ProgramTest.FirstThrow() 位置 F:\C#编程\ConsoleApplication4\BowlingBallTest\BowlingTest.cs:行号 21
</StackTrace>
        </ErrorInfo>
      </Output>
    </UnitTestResult>
    <UnitTestResult executionId="2f572216-2bcc-4b2c-8bb4-74f8d929b4f8" testId="2eba0e53-0971-a8d6-0dc0-598aba949da4" testName="SecondThrow" computerName="CHEN-PC" duration="00:00:00.0532811" startTime="2012-04-19T16:21:20.9529785+08:00" endTime="2012-04-19T16:21:21.0199823+08:00" testType="13cdc9d9-ddb5-4fa4-a97d-d965ccfc6d4b" outcome="Failed" testListId="8c84fa94-04c1-424b-9868-57a2d4851a1d" relativeResultsDirectory="2f572216-2bcc-4b2c-8bb4-74f8d929b4f8">
      <Output>
        <ErrorInfo>
          <Message>测试方法 BowlingBallTest.ProgramTest.SecondThrow 引发了异常: 
System.NullReferenceException: 未将对象引用设置到对象的实例。</Message>
          <StackTrace>    在 BowlingBall.Frame.InvalidPins(Int32 pins) 位置 F:\C#编程\ConsoleApplication4\ConsoleApplication4\Program.cs:行号 75
   在 BowlingBall.Frame.Throw(Int32 pins) 位置 F:\C#编程\ConsoleApplication4\ConsoleApplication4\Program.cs:行号 42
   在 BowlingBall.Frame..ctor(Int32 pins, Game game) 位置 F:\C#编程\ConsoleApplication4\ConsoleApplication4\Program.cs:行号 39
   在 BowlingBall.Game.Throw(Int32 pins) 位置 F:\C#编程\ConsoleApplication4\ConsoleApplication4\Program.cs:行号 110
   在 BowlingBallTest.ProgramTest.SecondThrow() 位置 F:\C#编程\ConsoleApplication4\BowlingBallTest\BowlingTest.cs:行号 28
</StackTrace>
        </ErrorInfo>
      </Output>
    </UnitTestResult>
    <UnitTestResult executionId="0c43b3ea-3e14-481d-a147-d871bb279920" testId="c8fc4c22-2b26-d304-bb25-089fd102304c" testName="ThirdTurn" computerName="CHEN-PC" duration="00:00:00.0482269" startTime="2012-04-19T16:21:21.0349832+08:00" endTime="2012-04-19T16:21:21.1189880+08:00" testType="13cdc9d9-ddb5-4fa4-a97d-d965ccfc6d4b" outcome="Failed" testListId="8c84fa94-04c1-424b-9868-57a2d4851a1d" relativeResultsDirectory="0c43b3ea-3e14-481d-a147-d871bb279920">
      <Output>
        <ErrorInfo>
          <Message>测试方法 BowlingBallTest.ProgramTest.ThirdTurn 引发了异常: 
System.NullReferenceException: 未将对象引用设置到对象的实例。</Message>
          <StackTrace>    在 BowlingBall.Frame.InvalidPins(Int32 pins) 位置 F:\C#编程\ConsoleApplication4\ConsoleApplication4\Program.cs:行号 75
   在 BowlingBall.Frame.Throw(Int32 pins) 位置 F:\C#编程\ConsoleApplication4\ConsoleApplication4\Program.cs:行号 42
   在 BowlingBall.Frame..ctor(Int32 pins, Game game) 位置 F:\C#编程\ConsoleApplication4\ConsoleApplication4\Program.cs:行号 39
   在 BowlingBall.Game.Throw(Int32 pins) 位置 F:\C#编程\ConsoleApplication4\ConsoleApplication4\Program.cs:行号 110
   在 BowlingBallTest.ProgramTest.ThirdTurn() 位置 F:\C#编程\ConsoleApplication4\BowlingBallTest\BowlingTest.cs:行号 36
</StackTrace>
        </ErrorInfo>
      </Output>
    </UnitTestResult>
    <UnitTestResult executionId="707af650-3666-4564-87b6-ea8891e6b028" testId="3152933b-e2c6-f44d-b3bb-7220745265e0" testName="HasSpareTurn" computerName="CHEN-PC" duration="00:00:00.0492460" startTime="2012-04-19T16:21:21.1299886+08:00" endTime="2012-04-19T16:21:21.1929922+08:00" testType="13cdc9d9-ddb5-4fa4-a97d-d965ccfc6d4b" outcome="Failed" testListId="8c84fa94-04c1-424b-9868-57a2d4851a1d" relativeResultsDirectory="707af650-3666-4564-87b6-ea8891e6b028">
      <Output>
        <ErrorInfo>
          <Message>测试方法 BowlingBallTest.ProgramTest.HasSpareTurn 引发了异常: 
System.NullReferenceException: 未将对象引用设置到对象的实例。</Message>
          <StackTrace>    在 BowlingBall.Frame.InvalidPins(Int32 pins) 位置 F:\C#编程\ConsoleApplication4\ConsoleApplication4\Program.cs:行号 75
   在 BowlingBall.Frame.Throw(Int32 pins) 位置 F:\C#编程\ConsoleApplication4\ConsoleApplication4\Program.cs:行号 42
   在 BowlingBall.Frame..ctor(Int32 pins, Game game) 位置 F:\C#编程\ConsoleApplication4\ConsoleApplication4\Program.cs:行号 39
   在 BowlingBall.Game.Throw(Int32 pins) 位置 F:\C#编程\ConsoleApplication4\ConsoleApplication4\Program.cs:行号 110
   在 BowlingBallTest.ProgramTest.HasSpareTurn() 位置 F:\C#编程\ConsoleApplication4\BowlingBallTest\BowlingTest.cs:行号 50
</StackTrace>
        </ErrorInfo>
      </Output>
    </UnitTestResult>
    <UnitTestResult executionId="e46601ee-ae8f-44c4-a9a6-45c09010265b" testId="4d40187a-9a36-bec3-f09a-c4a1a36659cb" testName="HasAllTurn" computerName="CHEN-PC" duration="00:00:00.0494219" startTime="2012-04-19T16:21:21.2089931+08:00" endTime="2012-04-19T16:21:21.2749969+08:00" testType="13cdc9d9-ddb5-4fa4-a97d-d965ccfc6d4b" outcome="Failed" testListId="8c84fa94-04c1-424b-9868-57a2d4851a1d" relativeResultsDirectory="e46601ee-ae8f-44c4-a9a6-45c09010265b">
      <Output>
        <ErrorInfo>
          <Message>测试方法 BowlingBallTest.ProgramTest.HasAllTurn 引发了异常: 
System.NullReferenceException: 未将对象引用设置到对象的实例。</Message>
          <StackTrace>    在 BowlingBall.Frame.InvalidPins(Int32 pins) 位置 F:\C#编程\ConsoleApplication4\ConsoleApplication4\Program.cs:行号 75
   在 BowlingBall.Frame.Throw(Int32 pins) 位置 F:\C#编程\ConsoleApplication4\ConsoleApplication4\Program.cs:行号 42
   在 BowlingBall.Frame..ctor(Int32 pins, Game game) 位置 F:\C#编程\ConsoleApplication4\ConsoleApplication4\Program.cs:行号 39
   在 BowlingBall.Game.Throw(Int32 pins) 位置 F:\C#编程\ConsoleApplication4\ConsoleApplication4\Program.cs:行号 110
   在 BowlingBallTest.ProgramTest.HasAllTurn() 位置 F:\C#编程\ConsoleApplication4\BowlingBallTest\BowlingTest.cs:行号 63
</StackTrace>
        </ErrorInfo>
      </Output>
    </UnitTestResult>
    <UnitTestResult executionId="624dd9ef-d253-42b3-a5f6-1236dd9802a6" testId="d970cdca-679b-5596-3184-942bf871e042" testName="TheTenthTurn" computerName="CHEN-PC" duration="00:00:00.0515123" startTime="2012-04-19T16:21:21.2899977+08:00" endTime="2012-04-19T16:21:21.3530013+08:00" testType="13cdc9d9-ddb5-4fa4-a97d-d965ccfc6d4b" outcome="Failed" testListId="8c84fa94-04c1-424b-9868-57a2d4851a1d" relativeResultsDirectory="624dd9ef-d253-42b3-a5f6-1236dd9802a6">
      <Output>
        <ErrorInfo>
          <Message>测试方法 BowlingBallTest.ProgramTest.TheTenthTurn 引发了异常: 
System.NullReferenceException: 未将对象引用设置到对象的实例。</Message>
          <StackTrace>    在 BowlingBall.Frame.InvalidPins(Int32 pins) 位置 F:\C#编程\ConsoleApplication4\ConsoleApplication4\Program.cs:行号 75
   在 BowlingBall.Frame.Throw(Int32 pins) 位置 F:\C#编程\ConsoleApplication4\ConsoleApplication4\Program.cs:行号 42
   在 BowlingBall.Frame..ctor(Int32 pins, Game game) 位置 F:\C#编程\ConsoleApplication4\ConsoleApplication4\Program.cs:行号 39
   在 BowlingBall.Game.Throw(Int32 pins) 位置 F:\C#编程\ConsoleApplication4\ConsoleApplication4\Program.cs:行号 110
   在 BowlingBallTest.ProgramTest.TheTenthTurn() 位置 F:\C#编程\ConsoleApplication4\BowlingBallTest\BowlingTest.cs:行号 85
</StackTrace>
        </ErrorInfo>
      </Output>
    </UnitTestResult>
  </Results>
</TestRun>