<?xml version="1.0" encoding="UTF-8"?>
<TestRun id="de2d7110-b080-4173-953c-37a1749f62f8" name="chen@CHEN-PC 2012-04-19 16:19:40" runUser="chen-PC\chen" xmlns="http://microsoft.com/schemas/VisualStudio/TeamTest/2010">
  <TestSettings name="本地" id="b0d18b2b-9539-4bbf-8413-44b91da0c97c">
    <Description>这些设置为本地测试运行的默认测试设置。</Description>
    <Deployment enabled="false" runDeploymentRoot="chen_CHEN-PC 2012-04-19 16_19_40">
      <DeploymentItem filename="F:\C#编程\ConsoleApplication4\ConsoleApplication4\bin\Debug\ConsoleApplication4.exe" />
    </Deployment>
    <Execution>
      <TestTypeSpecific />
      <AgentRule name="Execution Agents">
      </AgentRule>
    </Execution>
  </TestSettings>
  <Times creation="2012-04-19T16:19:40.7912495+08:00" queuing="2012-04-19T16:19:42.3973414+08:00" start="2012-04-19T16:19:42.5633509+08:00" finish="2012-04-19T16:19:47.2076165+08:00" />
  <ResultSummary outcome="Failed">
    <Counters total="6" executed="6" error="0" failed="6" timeout="0" aborted="0" inconclusive="0" passedButRunAborted="0" notRunnable="0" notExecuted="0" disconnected="0" warning="0" passed="0" completed="0" inProgress="0" pending="0" />
  </ResultSummary>
  <TestDefinitions>
    <UnitTest name="ThirdTurn" storage="f:\c#编程\consoleapplication4\bowlingballtest\bin\debug\bowlingballtest.dll" id="c8fc4c22-2b26-d304-bb25-089fd102304c">
      <Execution id="5b0c3f05-271e-4791-8035-508faf0ba0d7" />
      <TestMethod codeBase="F:/C#编程/ConsoleApplication4/BowlingBallTest/bin/Debug/BowlingBallTest.DLL" adapterTypeName="Microsoft.VisualStudio.TestTools.TestTypes.Unit.UnitTestAdapter, Microsoft.VisualStudio.QualityTools.Tips.UnitTest.Adapter, Version=10.0.0.0, Culture=neutral, PublicKeyToken=b03f5f7f11d50a3a" className="BowlingBallTest.ProgramTest, BowlingBallTest, Version=1.0.0.0, Culture=neutral, PublicKeyToken=null" name="ThirdTurn" />
    </UnitTest>
    <UnitTest name="FirstThrow" storage="f:\c#编程\consoleapplication4\bowlingballtest\bin\debug\bowlingballtest.dll" id="1e68ec30-eb15-39f9-dfa8-8c4d958858c8">
      <Execution id="969210ff-478c-4062-853d-139ebe2add2c" />
      <TestMethod codeBase="F:/C#编程/ConsoleApplication4/BowlingBallTest/bin/Debug/BowlingBallTest.DLL" adapterTypeName="Microsoft.VisualStudio.TestTools.TestTypes.Unit.UnitTestAdapter, Microsoft.VisualStudio.QualityTools.Tips.UnitTest.Adapter, Version=10.0.0.0, Culture=neutral, PublicKeyToken=b03f5f7f11d50a3a" className="BowlingBallTest.ProgramTest, BowlingBallTest, Version=1.0.0.0, Culture=neutral, PublicKeyToken=null" name="FirstThrow" />
    </UnitTest>
    <UnitTest name="HasAllTurn" storage="f:\c#编程\consoleapplication4\bowlingballtest\bin\debug\bowlingballtest.dll" id="4d40187a-9a36-bec3-f09a-c4a1a36659cb">
      <Execution id="470ebbb2-7bea-411a-923d-539fce57f845" />
      <TestMethod codeBase="F:/C#编程/ConsoleApplication4/BowlingBallTest/bin/Debug/BowlingBallTest.DLL" adapterTypeName="Microsoft.VisualStudio.TestTools.TestTypes.Unit.UnitTestAdapter, Microsoft.VisualStudio.QualityTools.Tips.UnitTest.Adapter, Version=10.0.0.0, Culture=neutral, PublicKeyToken=b03f5f7f11d50a3a" className="BowlingBallTest.ProgramTest, BowlingBallTest, Version=1.0.0.0, Culture=neutral, PublicKeyToken=null" name="HasAllTurn" />
    </UnitTest>
    <UnitTest name="HasSpareTurn" storage="f:\c#编程\consoleapplication4\bowlingballtest\bin\debug\bowlingballtest.dll" id="3152933b-e2c6-f44d-b3bb-7220745265e0">
      <Execution id="1a154bdc-a6b9-42bf-aeeb-a0f00dd0c431" />
      <TestMethod codeBase="F:/C#编程/ConsoleApplication4/BowlingBallTest/bin/Debug/BowlingBallTest.DLL" adapterTypeName="Microsoft.VisualStudio.TestTools.TestTypes.Unit.UnitTestAdapter, Microsoft.VisualStudio.QualityTools.Tips.UnitTest.Adapter, Version=10.0.0.0, Culture=neutral, PublicKeyToken=b03f5f7f11d50a3a" className="BowlingBallTest.ProgramTest, BowlingBallTest, Version=1.0.0.0, Culture=neutral, PublicKeyToken=null" name="HasSpareTurn" />
    </UnitTest>
    <UnitTest name="SecondThrow" storage="f:\c#编程\consoleapplication4\bowlingballtest\bin\debug\bowlingballtest.dll" id="2eba0e53-0971-a8d6-0dc0-598aba949da4">
      <Execution id="327132d2-0f6d-48a1-99a5-cba3d6fa3633" />
      <TestMethod codeBase="F:/C#编程/ConsoleApplication4/BowlingBallTest/bin/Debug/BowlingBallTest.DLL" adapterTypeName="Microsoft.VisualStudio.TestTools.TestTypes.Unit.UnitTestAdapter, Microsoft.VisualStudio.QualityTools.Tips.UnitTest.Adapter, Version=10.0.0.0, Culture=neutral, PublicKeyToken=b03f5f7f11d50a3a" className="BowlingBallTest.ProgramTest, BowlingBallTest, Version=1.0.0.0, Culture=neutral, PublicKeyToken=null" name="SecondThrow" />
    </UnitTest>
    <UnitTest name="TheTenthTurn" storage="f:\c#编程\consoleapplication4\bowlingballtest\bin\debug\bowlingballtest.dll" id="d970cdca-679b-5596-3184-942bf871e042">
      <Execution id="bec2c1f8-744b-4abf-926d-3f5e8159b43e" />
      <TestMethod codeBase="F:/C#编程/ConsoleApplication4/BowlingBallTest/bin/Debug/BowlingBallTest.DLL" adapterTypeName="Microsoft.VisualStudio.TestTools.TestTypes.Unit.UnitTestAdapter, Microsoft.VisualStudio.QualityTools.Tips.UnitTest.Adapter, Version=10.0.0.0, Culture=neutral, PublicKeyToken=b03f5f7f11d50a3a" className="BowlingBallTest.ProgramTest, BowlingBallTest, Version=1.0.0.0, Culture=neutral, PublicKeyToken=null" name="TheTenthTurn" />
    </UnitTest>
  </TestDefinitions>
  <TestLists>
    <TestList name="列表中未列出的结果" id="8c84fa94-04c1-424b-9868-57a2d4851a1d" />
    <TestList name="所有已加载的结果" id="19431567-8539-422a-85d7-44ee4e166bda" />
  </TestLists>
  <TestEntries>
    <TestEntry testId="1e68ec30-eb15-39f9-dfa8-8c4d958858c8" executionId="969210ff-478c-4062-853d-139ebe2add2c" testListId="8c84fa94-04c1-424b-9868-57a2d4851a1d" />
    <TestEntry testId="2eba0e53-0971-a8d6-0dc0-598aba949da4" executionId="327132d2-0f6d-48a1-99a5-cba3d6fa3633" testListId="8c84fa94-04c1-424b-9868-57a2d4851a1d" />
    <TestEntry testId="c8fc4c22-2b26-d304-bb25-089fd102304c" executionId="5b0c3f05-271e-4791-8035-508faf0ba0d7" testListId="8c84fa94-04c1-424b-9868-57a2d4851a1d" />
    <TestEntry testId="3152933b-e2c6-f44d-b3bb-7220745265e0" executionId="1a154bdc-a6b9-42bf-aeeb-a0f00dd0c431" testListId="8c84fa94-04c1-424b-9868-57a2d4851a1d" />
    <TestEntry testId="4d40187a-9a36-bec3-f09a-c4a1a36659cb" executionId="470ebbb2-7bea-411a-923d-539fce57f845" testListId="8c84fa94-04c1-424b-9868-57a2d4851a1d" />
    <TestEntry testId="d970cdca-679b-5596-3184-942bf871e042" executionId="bec2c1f8-744b-4abf-926d-3f5e8159b43e" testListId="8c84fa94-04c1-424b-9868-57a2d4851a1d" />
  </TestEntries>
  <Results>
    <UnitTestResult executionId="969210ff-478c-4062-853d-139ebe2add2c" testId="1e68ec30-eb15-39f9-dfa8-8c4d958858c8" testName="FirstThrow" computerName="CHEN-PC" duration="00:00:03.2281391" startTime="2012-04-19T16:19:42.7043590+08:00" endTime="2012-04-19T16:19:46.6955872+08:00" testType="13cdc9d9-ddb5-4fa4-a97d-d965ccfc6d4b" outcome="Failed" testListId="8c84fa94-04c1-424b-9868-57a2d4851a1d" relativeResultsDirectory="969210ff-478c-4062-853d-139ebe2add2c">
      <Output>
        <ErrorInfo>
          <Message>测试方法 BowlingBallTest.ProgramTest.FirstThrow 引发了异常: 
System.NullReferenceException: 未将对象引用设置到对象的实例。</Message>
          <StackTrace>    在 BowlingBall.Frame.InvalidPins(Int32 pins) 位置 F:\C#编程\ConsoleApplication4\ConsoleApplication4\Program.cs:行号 75
   在 BowlingBall.Frame.Throw(Int32 pins) 位置 F:\C#编程\ConsoleApplication4\ConsoleApplication4\Program.cs:行号 42
   在 BowlingBall.Frame..ctor(Int32 pins, Game game) 位置 F:\C#编程\ConsoleApplication4\ConsoleApplication4\Program.cs:行号 39
   在 BowlingBall.Game.Throw(Int32 pins) 位置 F:\C#编程\ConsoleApplication4\ConsoleApplication4\Program.cs:行号 110
   在 BowlingBallTest.ProgramTest.FirstThrow() 位置 F:\C#编程\ConsoleApplication4\BowlingBallTest\BowlingTest.cs:行号 21
</StackTrace>
        </ErrorInfo>
      </Output>
    </UnitTestResult>
    <UnitTestResult executionId="327132d2-0f6d-48a1-99a5-cba3d6fa3633" testId="2eba0e53-0971-a8d6-0dc0-598aba949da4" testName="SecondThrow" computerName="CHEN-PC" duration="00:00:00.0504320" startTime="2012-04-19T16:19:46.7085880+08:00" endTime="2012-04-19T16:19:46.7955930+08:00" testType="13cdc9d9-ddb5-4fa4-a97d-d965ccfc6d4b" outcome="Failed" testListId="8c84fa94-04c1-424b-9868-57a2d4851a1d" relativeResultsDirectory="327132d2-0f6d-48a1-99a5-cba3d6fa3633">
      <Output>
        <ErrorInfo>
          <Message>测试方法 BowlingBallTest.ProgramTest.SecondThrow 引发了异常: 
System.NullReferenceException: 未将对象引用设置到对象的实例。</Message>
          <StackTrace>    在 BowlingBall.Frame.InvalidPins(Int32 pins) 位置 F:\C#编程\ConsoleApplication4\ConsoleApplication4\Program.cs:行号 75
   在 BowlingBall.Frame.Throw(Int32 pins) 位置 F:\C#编程\ConsoleApplication4\ConsoleApplication4\Program.cs:行号 42
   在 BowlingBall.Frame..ctor(Int32 pins, Game game) 位置 F:\C#编程\ConsoleApplication4\ConsoleApplication4\Program.cs:行号 39
   在 BowlingBall.Game.Throw(Int32 pins) 位置 F:\C#编程\ConsoleApplication4\ConsoleApplication4\Program.cs:行号 110
   在 BowlingBallTest.ProgramTest.SecondThrow() 位置 F:\C#编程\ConsoleApplication4\BowlingBallTest\BowlingTest.cs:行号 28
</StackTrace>
        </ErrorInfo>
      </Output>
    </UnitTestResult>
    <UnitTestResult executionId="5b0c3f05-271e-4791-8035-508faf0ba0d7" testId="c8fc4c22-2b26-d304-bb25-089fd102304c" testName="ThirdTurn" computerName="CHEN-PC" duration="00:00:00.0490683" startTime="2012-04-19T16:19:46.8115939+08:00" endTime="2012-04-19T16:19:46.8755975+08:00" testType="13cdc9d9-ddb5-4fa4-a97d-d965ccfc6d4b" outcome="Failed" testListId="8c84fa94-04c1-424b-9868-57a2d4851a1d" relativeResultsDirectory="5b0c3f05-271e-4791-8035-508faf0ba0d7">
      <Output>
        <ErrorInfo>
          <Message>测试方法 BowlingBallTest.ProgramTest.ThirdTurn 引发了异常: 
System.NullReferenceException: 未将对象引用设置到对象的实例。</Message>
          <StackTrace>    在 BowlingBall.Frame.InvalidPins(Int32 pins) 位置 F:\C#编程\ConsoleApplication4\ConsoleApplication4\Program.cs:行号 75
   在 BowlingBall.Frame.Throw(Int32 pins) 位置 F:\C#编程\ConsoleApplication4\ConsoleApplication4\Program.cs:行号 42
   在 BowlingBall.Frame..ctor(Int32 pins, Game game) 位置 F:\C#编程\ConsoleApplication4\ConsoleApplication4\Program.cs:行号 39
   在 BowlingBall.Game.Throw(Int32 pins) 位置 F:\C#编程\ConsoleApplication4\ConsoleApplication4\Program.cs:行号 110
   在 BowlingBallTest.ProgramTest.ThirdTurn() 位置 F:\C#编程\ConsoleApplication4\BowlingBallTest\BowlingTest.cs:行号 36
</StackTrace>
        </ErrorInfo>
      </Output>
    </UnitTestResult>
    <UnitTestResult executionId="1a154bdc-a6b9-42bf-aeeb-a0f00dd0c431" testId="3152933b-e2c6-f44d-b3bb-7220745265e0" testName="HasSpareTurn" computerName="CHEN-PC" duration="00:00:00.0530789" startTime="2012-04-19T16:19:46.9095995+08:00" endTime="2012-04-19T16:19:46.9796035+08:00" testType="13cdc9d9-ddb5-4fa4-a97d-d965ccfc6d4b" outcome="Failed" testListId="8c84fa94-04c1-424b-9868-57a2d4851a1d" relativeResultsDirectory="1a154bdc-a6b9-42bf-aeeb-a0f00dd0c431">
      <Output>
        <ErrorInfo>
          <Message>测试方法 BowlingBallTest.ProgramTest.HasSpareTurn 引发了异常: 
System.NullReferenceException: 未将对象引用设置到对象的实例。</Message>
          <StackTrace>    在 BowlingBall.Frame.InvalidPins(Int32 pins) 位置 F:\C#编程\ConsoleApplication4\ConsoleApplication4\Program.cs:行号 75
   在 BowlingBall.Frame.Throw(Int32 pins) 位置 F:\C#编程\ConsoleApplication4\ConsoleApplication4\Program.cs:行号 42
   在 BowlingBall.Frame..ctor(Int32 pins, Game game) 位置 F:\C#编程\ConsoleApplication4\ConsoleApplication4\Program.cs:行号 39
   在 BowlingBall.Game.Throw(Int32 pins) 位置 F:\C#编程\ConsoleApplication4\ConsoleApplication4\Program.cs:行号 110
   在 BowlingBallTest.ProgramTest.HasSpareTurn() 位置 F:\C#编程\ConsoleApplication4\BowlingBallTest\BowlingTest.cs:行号 50
</StackTrace>
        </ErrorInfo>
      </Output>
    </UnitTestResult>
    <UnitTestResult executionId="470ebbb2-7bea-411a-923d-539fce57f845" testId="4d40187a-9a36-bec3-f09a-c4a1a36659cb" testName="HasAllTurn" computerName="CHEN-PC" duration="00:00:00.0513159" startTime="2012-04-19T16:19:46.9926042+08:00" endTime="2012-04-19T16:19:47.0596081+08:00" testType="13cdc9d9-ddb5-4fa4-a97d-d965ccfc6d4b" outcome="Failed" testListId="8c84fa94-04c1-424b-9868-57a2d4851a1d" relativeResultsDirectory="470ebbb2-7bea-411a-923d-539fce57f845">
      <Output>
        <ErrorInfo>
          <Message>测试方法 BowlingBallTest.ProgramTest.HasAllTurn 引发了异常: 
System.NullReferenceException: 未将对象引用设置到对象的实例。</Message>
          <StackTrace>    在 BowlingBall.Frame.InvalidPins(Int32 pins) 位置 F:\C#编程\ConsoleApplication4\ConsoleApplication4\Program.cs:行号 75
   在 BowlingBall.Frame.Throw(Int32 pins) 位置 F:\C#编程\ConsoleApplication4\ConsoleApplication4\Program.cs:行号 42
   在 BowlingBall.Frame..ctor(Int32 pins, Game game) 位置 F:\C#编程\ConsoleApplication4\ConsoleApplication4\Program.cs:行号 39
   在 BowlingBall.Game.Throw(Int32 pins) 位置 F:\C#编程\ConsoleApplication4\ConsoleApplication4\Program.cs:行号 110
   在 BowlingBallTest.ProgramTest.HasAllTurn() 位置 F:\C#编程\ConsoleApplication4\BowlingBallTest\BowlingTest.cs:行号 63
</StackTrace>
        </ErrorInfo>
      </Output>
    </UnitTestResult>
    <UnitTestResult executionId="bec2c1f8-744b-4abf-926d-3f5e8159b43e" testId="d970cdca-679b-5596-3184-942bf871e042" testName="TheTenthTurn" computerName="CHEN-PC" duration="00:00:00.0487926" startTime="2012-04-19T16:19:47.0726088+08:00" endTime="2012-04-19T16:19:47.1356124+08:00" testType="13cdc9d9-ddb5-4fa4-a97d-d965ccfc6d4b" outcome="Failed" testListId="8c84fa94-04c1-424b-9868-57a2d4851a1d" relativeResultsDirectory="bec2c1f8-744b-4abf-926d-3f5e8159b43e">
      <Output>
        <ErrorInfo>
          <Message>测试方法 BowlingBallTest.ProgramTest.TheTenthTurn 引发了异常: 
System.NullReferenceException: 未将对象引用设置到对象的实例。</Message>
          <StackTrace>    在 BowlingBall.Frame.InvalidPins(Int32 pins) 位置 F:\C#编程\ConsoleApplication4\ConsoleApplication4\Program.cs:行号 75
   在 BowlingBall.Frame.Throw(Int32 pins) 位置 F:\C#编程\ConsoleApplication4\ConsoleApplication4\Program.cs:行号 42
   在 BowlingBall.Frame..ctor(Int32 pins, Game game) 位置 F:\C#编程\ConsoleApplication4\ConsoleApplication4\Program.cs:行号 39
   在 BowlingBall.Game.Throw(Int32 pins) 位置 F:\C#编程\ConsoleApplication4\ConsoleApplication4\Program.cs:行号 110
   在 BowlingBallTest.ProgramTest.TheTenthTurn() 位置 F:\C#编程\ConsoleApplication4\BowlingBallTest\BowlingTest.cs:行号 85
</StackTrace>
        </ErrorInfo>
      </Output>
    </UnitTestResult>
  </Results>
</TestRun>