<?xml version="1.0" encoding="UTF-8"?>
<TestRun id="5d1d542d-388f-4ff5-8f53-b9bc827d4a75" name="chen@CHEN-PC 2012-04-19 16:16:38" runUser="chen-PC\chen" xmlns="http://microsoft.com/schemas/VisualStudio/TeamTest/2010">
  <TestSettings name="本地" id="b0d18b2b-9539-4bbf-8413-44b91da0c97c">
    <Description>这些设置为本地测试运行的默认测试设置。</Description>
    <Deployment enabled="false" runDeploymentRoot="chen_CHEN-PC 2012-04-19 16_16_38">
      <DeploymentItem filename="F:\C#编程\ConsoleApplication4\ConsoleApplication4\bin\Debug\ConsoleApplication4.exe" />
    </Deployment>
    <Execution>
      <TestTypeSpecific />
      <AgentRule name="Execution Agents">
      </AgentRule>
    </Execution>
  </TestSettings>
  <Times creation="2012-04-19T16:16:38.5908283+08:00" queuing="2012-04-19T16:16:40.1459172+08:00" start="2012-04-19T16:16:40.2919256+08:00" finish="2012-04-19T16:16:41.8330137+08:00" />
  <ResultSummary outcome="Failed">
    <Counters total="6" executed="6" error="0" failed="6" timeout="0" aborted="0" inconclusive="0" passedButRunAborted="0" notRunnable="0" notExecuted="0" disconnected="0" warning="0" passed="0" completed="0" inProgress="0" pending="0" />
  </ResultSummary>
  <TestDefinitions>
    <UnitTest name="ThirdTurn" storage="f:\c#编程\consoleapplication4\bowlingballtest\bin\debug\bowlingballtest.dll" id="c8fc4c22-2b26-d304-bb25-089fd102304c">
      <Execution id="fa7b2d2a-6eb7-40b0-9cfc-a7638824385c" />
      <TestMethod codeBase="F:/C#编程/ConsoleApplication4/BowlingBallTest/bin/Debug/BowlingBallTest.DLL" adapterTypeName="Microsoft.VisualStudio.TestTools.TestTypes.Unit.UnitTestAdapter, Microsoft.VisualStudio.QualityTools.Tips.UnitTest.Adapter, Version=10.0.0.0, Culture=neutral, PublicKeyToken=b03f5f7f11d50a3a" className="BowlingBallTest.ProgramTest, BowlingBallTest, Version=1.0.0.0, Culture=neutral, PublicKeyToken=null" name="ThirdTurn" />
    </UnitTest>
    <UnitTest name="FirstThrow" storage="f:\c#编程\consoleapplication4\bowlingballtest\bin\debug\bowlingballtest.dll" id="1e68ec30-eb15-39f9-dfa8-8c4d958858c8">
      <Execution id="5c3d5650-7cda-46bc-8797-a10ababb11cf" />
      <TestMethod codeBase="F:/C#编程/ConsoleApplication4/BowlingBallTest/bin/Debug/BowlingBallTest.DLL" adapterTypeName="Microsoft.VisualStudio.TestTools.TestTypes.Unit.UnitTestAdapter, Microsoft.VisualStudio.QualityTools.Tips.UnitTest.Adapter, Version=10.0.0.0, Culture=neutral, PublicKeyToken=b03f5f7f11d50a3a" className="BowlingBallTest.ProgramTest, BowlingBallTest, Version=1.0.0.0, Culture=neutral, PublicKeyToken=null" name="FirstThrow" />
    </UnitTest>
    <UnitTest name="HasAllTurn" storage="f:\c#编程\consoleapplication4\bowlingballtest\bin\debug\bowlingballtest.dll" id="4d40187a-9a36-bec3-f09a-c4a1a36659cb">
      <Execution id="a78935dd-39e7-4494-a7e4-2eb5e3a4f59f" />
      <TestMethod codeBase="F:/C#编程/ConsoleApplication4/BowlingBallTest/bin/Debug/BowlingBallTest.DLL" adapterTypeName="Microsoft.VisualStudio.TestTools.TestTypes.Unit.UnitTestAdapter, Microsoft.VisualStudio.QualityTools.Tips.UnitTest.Adapter, Version=10.0.0.0, Culture=neutral, PublicKeyToken=b03f5f7f11d50a3a" className="BowlingBallTest.ProgramTest, BowlingBallTest, Version=1.0.0.0, Culture=neutral, PublicKeyToken=null" name="HasAllTurn" />
    </UnitTest>
    <UnitTest name="HasSpareTurn" storage="f:\c#编程\consoleapplication4\bowlingballtest\bin\debug\bowlingballtest.dll" id="3152933b-e2c6-f44d-b3bb-7220745265e0">
      <Execution id="02838ea2-f45d-4508-9472-500790815c39" />
      <TestMethod codeBase="F:/C#编程/ConsoleApplication4/BowlingBallTest/bin/Debug/BowlingBallTest.DLL" adapterTypeName="Microsoft.VisualStudio.TestTools.TestTypes.Unit.UnitTestAdapter, Microsoft.VisualStudio.QualityTools.Tips.UnitTest.Adapter, Version=10.0.0.0, Culture=neutral, PublicKeyToken=b03f5f7f11d50a3a" className="BowlingBallTest.ProgramTest, BowlingBallTest, Version=1.0.0.0, Culture=neutral, PublicKeyToken=null" name="HasSpareTurn" />
    </UnitTest>
    <UnitTest name="SecondThrow" storage="f:\c#编程\consoleapplication4\bowlingballtest\bin\debug\bowlingballtest.dll" id="2eba0e53-0971-a8d6-0dc0-598aba949da4">
      <Execution id="4988567e-ce0d-4045-8020-d3f45ee1131d" />
      <TestMethod codeBase="F:/C#编程/ConsoleApplication4/BowlingBallTest/bin/Debug/BowlingBallTest.DLL" adapterTypeName="Microsoft.VisualStudio.TestTools.TestTypes.Unit.UnitTestAdapter, Microsoft.VisualStudio.QualityTools.Tips.UnitTest.Adapter, Version=10.0.0.0, Culture=neutral, PublicKeyToken=b03f5f7f11d50a3a" className="BowlingBallTest.ProgramTest, BowlingBallTest, Version=1.0.0.0, Culture=neutral, PublicKeyToken=null" name="SecondThrow" />
    </UnitTest>
    <UnitTest name="TheTenthTurn" storage="f:\c#编程\consoleapplication4\bowlingballtest\bin\debug\bowlingballtest.dll" id="d970cdca-679b-5596-3184-942bf871e042">
      <Execution id="926afeb7-7226-404b-9195-43fbb0390615" />
      <TestMethod codeBase="F:/C#编程/ConsoleApplication4/BowlingBallTest/bin/Debug/BowlingBallTest.DLL" adapterTypeName="Microsoft.VisualStudio.TestTools.TestTypes.Unit.UnitTestAdapter, Microsoft.VisualStudio.QualityTools.Tips.UnitTest.Adapter, Version=10.0.0.0, Culture=neutral, PublicKeyToken=b03f5f7f11d50a3a" className="BowlingBallTest.ProgramTest, BowlingBallTest, Version=1.0.0.0, Culture=neutral, PublicKeyToken=null" name="TheTenthTurn" />
    </UnitTest>
  </TestDefinitions>
  <TestLists>
    <TestList name="列表中未列出的结果" id="8c84fa94-04c1-424b-9868-57a2d4851a1d" />
    <TestList name="所有已加载的结果" id="19431567-8539-422a-85d7-44ee4e166bda" />
  </TestLists>
  <TestEntries>
    <TestEntry testId="1e68ec30-eb15-39f9-dfa8-8c4d958858c8" executionId="5c3d5650-7cda-46bc-8797-a10ababb11cf" testListId="8c84fa94-04c1-424b-9868-57a2d4851a1d" />
    <TestEntry testId="2eba0e53-0971-a8d6-0dc0-598aba949da4" executionId="4988567e-ce0d-4045-8020-d3f45ee1131d" testListId="8c84fa94-04c1-424b-9868-57a2d4851a1d" />
    <TestEntry testId="c8fc4c22-2b26-d304-bb25-089fd102304c" executionId="fa7b2d2a-6eb7-40b0-9cfc-a7638824385c" testListId="8c84fa94-04c1-424b-9868-57a2d4851a1d" />
    <TestEntry testId="3152933b-e2c6-f44d-b3bb-7220745265e0" executionId="02838ea2-f45d-4508-9472-500790815c39" testListId="8c84fa94-04c1-424b-9868-57a2d4851a1d" />
    <TestEntry testId="4d40187a-9a36-bec3-f09a-c4a1a36659cb" executionId="a78935dd-39e7-4494-a7e4-2eb5e3a4f59f" testListId="8c84fa94-04c1-424b-9868-57a2d4851a1d" />
    <TestEntry testId="d970cdca-679b-5596-3184-942bf871e042" executionId="926afeb7-7226-404b-9195-43fbb0390615" testListId="8c84fa94-04c1-424b-9868-57a2d4851a1d" />
  </TestEntries>
  <Results>
    <UnitTestResult executionId="5c3d5650-7cda-46bc-8797-a10ababb11cf" testId="1e68ec30-eb15-39f9-dfa8-8c4d958858c8" testName="FirstThrow" computerName="CHEN-PC" duration="00:00:00.1364858" startTime="2012-04-19T16:16:40.4489345+08:00" endTime="2012-04-19T16:16:41.3099838+08:00" testType="13cdc9d9-ddb5-4fa4-a97d-d965ccfc6d4b" outcome="Failed" testListId="8c84fa94-04c1-424b-9868-57a2d4851a1d" relativeResultsDirectory="5c3d5650-7cda-46bc-8797-a10ababb11cf">
      <Output>
        <ErrorInfo>
          <Message>测试方法 BowlingBallTest.ProgramTest.FirstThrow 引发了异常: 
System.NullReferenceException: 未将对象引用设置到对象的实例。</Message>
          <StackTrace>    在 BowlingBall.Frame.InvalidPins(Int32 pins) 位置 F:\C#编程\ConsoleApplication4\ConsoleApplication4\Program.cs:行号 75
   在 BowlingBall.Frame.Throw(Int32 pins) 位置 F:\C#编程\ConsoleApplication4\ConsoleApplication4\Program.cs:行号 42
   在 BowlingBall.Frame..ctor(Int32 pins, Game game) 位置 F:\C#编程\ConsoleApplication4\ConsoleApplication4\Program.cs:行号 39
   在 BowlingBall.Game.Throw(Int32 pins) 位置 F:\C#编程\ConsoleApplication4\ConsoleApplication4\Program.cs:行号 110
   在 BowlingBallTest.ProgramTest.FirstThrow() 位置 F:\C#编程\ConsoleApplication4\BowlingBallTest\BowlingTest.cs:行号 21
</StackTrace>
        </ErrorInfo>
      </Output>
    </UnitTestResult>
    <UnitTestResult executionId="4988567e-ce0d-4045-8020-d3f45ee1131d" testId="2eba0e53-0971-a8d6-0dc0-598aba949da4" testName="SecondThrow" computerName="CHEN-PC" duration="00:00:00.0524609" startTime="2012-04-19T16:16:41.3239846+08:00" endTime="2012-04-19T16:16:41.3909884+08:00" testType="13cdc9d9-ddb5-4fa4-a97d-d965ccfc6d4b" outcome="Failed" testListId="8c84fa94-04c1-424b-9868-57a2d4851a1d" relativeResultsDirectory="4988567e-ce0d-4045-8020-d3f45ee1131d">
      <Output>
        <ErrorInfo>
          <Message>测试方法 BowlingBallTest.ProgramTest.SecondThrow 引发了异常: 
System.NullReferenceException: 未将对象引用设置到对象的实例。</Message>
          <StackTrace>    在 BowlingBall.Frame.InvalidPins(Int32 pins) 位置 F:\C#编程\ConsoleApplication4\ConsoleApplication4\Program.cs:行号 75
   在 BowlingBall.Frame.Throw(Int32 pins) 位置 F:\C#编程\ConsoleApplication4\ConsoleApplication4\Program.cs:行号 42
   在 BowlingBall.Frame..ctor(Int32 pins, Game game) 位置 F:\C#编程\ConsoleApplication4\ConsoleApplication4\Program.cs:行号 39
   在 BowlingBall.Game.Throw(Int32 pins) 位置 F:\C#编程\ConsoleApplication4\ConsoleApplication4\Program.cs:行号 110
   在 BowlingBallTest.ProgramTest.SecondThrow() 位置 F:\C#编程\ConsoleApplication4\BowlingBallTest\BowlingTest.cs:行号 28
</StackTrace>
        </ErrorInfo>
      </Output>
    </UnitTestResult>
    <UnitTestResult executionId="fa7b2d2a-6eb7-40b0-9cfc-a7638824385c" testId="c8fc4c22-2b26-d304-bb25-089fd102304c" testName="ThirdTurn" computerName="CHEN-PC" duration="00:00:00.0510617" startTime="2012-04-19T16:16:41.4019891+08:00" endTime="2012-04-19T16:16:41.4709930+08:00" testType="13cdc9d9-ddb5-4fa4-a97d-d965ccfc6d4b" outcome="Failed" testListId="8c84fa94-04c1-424b-9868-57a2d4851a1d" relativeResultsDirectory="fa7b2d2a-6eb7-40b0-9cfc-a7638824385c">
      <Output>
        <ErrorInfo>
          <Message>测试方法 BowlingBallTest.ProgramTest.ThirdTurn 引发了异常: 
System.NullReferenceException: 未将对象引用设置到对象的实例。</Message>
          <StackTrace>    在 BowlingBall.Frame.InvalidPins(Int32 pins) 位置 F:\C#编程\ConsoleApplication4\ConsoleApplication4\Program.cs:行号 75
   在 BowlingBall.Frame.Throw(Int32 pins) 位置 F:\C#编程\ConsoleApplication4\ConsoleApplication4\Program.cs:行号 42
   在 BowlingBall.Frame..ctor(Int32 pins, Game game) 位置 F:\C#编程\ConsoleApplication4\ConsoleApplication4\Program.cs:行号 39
   在 BowlingBall.Game.Throw(Int32 pins) 位置 F:\C#编程\ConsoleApplication4\ConsoleApplication4\Program.cs:行号 110
   在 BowlingBallTest.ProgramTest.ThirdTurn() 位置 F:\C#编程\ConsoleApplication4\BowlingBallTest\BowlingTest.cs:行号 36
</StackTrace>
        </ErrorInfo>
      </Output>
    </UnitTestResult>
    <UnitTestResult executionId="02838ea2-f45d-4508-9472-500790815c39" testId="3152933b-e2c6-f44d-b3bb-7220745265e0" testName="HasSpareTurn" computerName="CHEN-PC" duration="00:00:00.0785690" startTime="2012-04-19T16:16:41.4839937+08:00" endTime="2012-04-19T16:16:41.5799992+08:00" testType="13cdc9d9-ddb5-4fa4-a97d-d965ccfc6d4b" outcome="Failed" testListId="8c84fa94-04c1-424b-9868-57a2d4851a1d" relativeResultsDirectory="02838ea2-f45d-4508-9472-500790815c39">
      <Output>
        <ErrorInfo>
          <Message>测试方法 BowlingBallTest.ProgramTest.HasSpareTurn 引发了异常: 
System.NullReferenceException: 未将对象引用设置到对象的实例。</Message>
          <StackTrace>    在 BowlingBall.Frame.InvalidPins(Int32 pins) 位置 F:\C#编程\ConsoleApplication4\ConsoleApplication4\Program.cs:行号 75
   在 BowlingBall.Frame.Throw(Int32 pins) 位置 F:\C#编程\ConsoleApplication4\ConsoleApplication4\Program.cs:行号 42
   在 BowlingBall.Frame..ctor(Int32 pins, Game game) 位置 F:\C#编程\ConsoleApplication4\ConsoleApplication4\Program.cs:行号 39
   在 BowlingBall.Game.Throw(Int32 pins) 位置 F:\C#编程\ConsoleApplication4\ConsoleApplication4\Program.cs:行号 110
   在 BowlingBallTest.ProgramTest.HasSpareTurn() 位置 F:\C#编程\ConsoleApplication4\BowlingBallTest\BowlingTest.cs:行号 50
</StackTrace>
        </ErrorInfo>
      </Output>
    </UnitTestResult>
    <UnitTestResult executionId="a78935dd-39e7-4494-a7e4-2eb5e3a4f59f" testId="4d40187a-9a36-bec3-f09a-c4a1a36659cb" testName="HasAllTurn" computerName="CHEN-PC" duration="00:00:00.0535503" startTime="2012-04-19T16:16:41.6050007+08:00" endTime="2012-04-19T16:16:41.6810050+08:00" testType="13cdc9d9-ddb5-4fa4-a97d-d965ccfc6d4b" outcome="Failed" testListId="8c84fa94-04c1-424b-9868-57a2d4851a1d" relativeResultsDirectory="a78935dd-39e7-4494-a7e4-2eb5e3a4f59f">
      <Output>
        <ErrorInfo>
          <Message>测试方法 BowlingBallTest.ProgramTest.HasAllTurn 引发了异常: 
System.NullReferenceException: 未将对象引用设置到对象的实例。</Message>
          <StackTrace>    在 BowlingBall.Frame.InvalidPins(Int32 pins) 位置 F:\C#编程\ConsoleApplication4\ConsoleApplication4\Program.cs:行号 75
   在 BowlingBall.Frame.Throw(Int32 pins) 位置 F:\C#编程\ConsoleApplication4\ConsoleApplication4\Program.cs:行号 42
   在 BowlingBall.Frame..ctor(Int32 pins, Game game) 位置 F:\C#编程\ConsoleApplication4\ConsoleApplication4\Program.cs:行号 39
   在 BowlingBall.Game.Throw(Int32 pins) 位置 F:\C#编程\ConsoleApplication4\ConsoleApplication4\Program.cs:行号 110
   在 BowlingBallTest.ProgramTest.HasAllTurn() 位置 F:\C#编程\ConsoleApplication4\BowlingBallTest\BowlingTest.cs:行号 63
</StackTrace>
        </ErrorInfo>
      </Output>
    </UnitTestResult>
    <UnitTestResult executionId="926afeb7-7226-404b-9195-43fbb0390615" testId="d970cdca-679b-5596-3184-942bf871e042" testName="TheTenthTurn" computerName="CHEN-PC" duration="00:00:00.0495598" startTime="2012-04-19T16:16:41.6980060+08:00" endTime="2012-04-19T16:16:41.7610096+08:00" testType="13cdc9d9-ddb5-4fa4-a97d-d965ccfc6d4b" outcome="Failed" testListId="8c84fa94-04c1-424b-9868-57a2d4851a1d" relativeResultsDirectory="926afeb7-7226-404b-9195-43fbb0390615">
      <Output>
        <ErrorInfo>
          <Message>测试方法 BowlingBallTest.ProgramTest.TheTenthTurn 引发了异常: 
System.NullReferenceException: 未将对象引用设置到对象的实例。</Message>
          <StackTrace>    在 BowlingBall.Frame.InvalidPins(Int32 pins) 位置 F:\C#编程\ConsoleApplication4\ConsoleApplication4\Program.cs:行号 75
   在 BowlingBall.Frame.Throw(Int32 pins) 位置 F:\C#编程\ConsoleApplication4\ConsoleApplication4\Program.cs:行号 42
   在 BowlingBall.Frame..ctor(Int32 pins, Game game) 位置 F:\C#编程\ConsoleApplication4\ConsoleApplication4\Program.cs:行号 39
   在 BowlingBall.Game.Throw(Int32 pins) 位置 F:\C#编程\ConsoleApplication4\ConsoleApplication4\Program.cs:行号 110
   在 BowlingBallTest.ProgramTest.TheTenthTurn() 位置 F:\C#编程\ConsoleApplication4\BowlingBallTest\BowlingTest.cs:行号 85
</StackTrace>
        </ErrorInfo>
      </Output>
    </UnitTestResult>
  </Results>
</TestRun>